<?xml version="1.0" encoding="UTF-8"?>
<!-- Generated by org.testng.reporters.JUnitReportReporter -->
<testsuite skipped="0" hostname="Mohammeds-MacBook-Air.local" name="com.parameters.ParameterTest" tests="1" failures="0" timestamp="19 Aug 2018 14:33:54 GMT" time="14.538" errors="0">
  <testcase name="YahooLoginPageTest" time="14.538" classname="com.parameters.ParameterTest"/>
</testsuite> <!-- com.parameters.ParameterTest -->
