<?xml version="1.0" encoding="UTF-8"?>
<!-- Generated by org.testng.reporters.JUnitReportReporter -->
<testsuite skipped="0" hostname="Mohammeds-MacBook-Air.local" name="com.datadriven.test.FreecrmRegistrationTest" tests="5" failures="0" timestamp="19 Aug 2018 14:13:57 GMT" time="47.595" errors="0">
  <testcase name="FreecrmRegistration" time="8.587" classname="com.datadriven.test.FreecrmRegistrationTest"/>
  <testcase name="FreecrmRegistration" time="13.516" classname="com.datadriven.test.FreecrmRegistrationTest"/>
  <testcase name="FreecrmRegistration" time="8.191" classname="com.datadriven.test.FreecrmRegistrationTest"/>
  <testcase name="FreecrmRegistration" time="8.551" classname="com.datadriven.test.FreecrmRegistrationTest"/>
  <testcase name="FreecrmRegistration" time="8.750" classname="com.datadriven.test.FreecrmRegistrationTest"/>
</testsuite> <!-- com.datadriven.test.FreecrmRegistrationTest -->
